Started by user [8mha:////4IeCqO3Wb1RPMnq0aKBZK6JOevbwOatSQxGJjZuxEL7RAAAAlx+LCAAAAAAAAP9b85aBtbiIQTGjNKU4P08vOT+vOD8nVc83PyU1x6OyILUoJzMv2y+/JJUBAhiZGBgqihhk0NSjKDWzXb3RdlLBUSYGJk8GtpzUvPSSDB8G5tKinBIGIZ+sxLJE/ZzEvHT94JKizLx0a6BxUmjGOUNodHsLgAzWEgZu/dLi1CL9xJTczDwAj6GcLcAAAAA=[0madmin
Running as SYSTEM
Building in workspace /var/jenkins_home/workspace/Hooks_Testing
using credential GIT-LAB-Tahir
 > git rev-parse --is-inside-work-tree # timeout=10
Fetching changes from the remote Git repository
 > git config remote.origin.url http://jenkins-data2_git_1:80/jenkins/maven.git # timeout=10
Fetching upstream changes from http://jenkins-data2_git_1:80/jenkins/maven.git
 > git --version # timeout=10
using GIT_ASKPASS to set credentials 
 > git fetch --tags --progress -- http://jenkins-data2_git_1:80/jenkins/maven.git +refs/heads/*:refs/remotes/origin/*
 > git rev-parse origin/master^{commit} # timeout=10
Checking out Revision c9c24a82a04ead14bdc5495c9ea49d0d6463e87e (origin/master)
 > git config core.sparsecheckout # timeout=10
 > git checkout -f c9c24a82a04ead14bdc5495c9ea49d0d6463e87e
Commit message: "Modified the code again"
First time build. Skipping changelog.
 > git tag -a -f -m Jenkins Build #3 jenkins-Hooks_Testing-3 # timeout=10
FATAL: Could not apply tag jenkins-Hooks_Testing-3
hudson.plugins.git.GitException: Command "git tag -a -f -m Jenkins Build #3 jenkins-Hooks_Testing-3" returned status code 128:
stdout: 
stderr: 
*** Please tell me who you are.

Run

  git config --global user.email "you@example.com"
  git config --global user.name "Your Name"

to set your account's default identity.
Omit --global to set the identity only in this repository.

fatal: empty ident name (for <(null)>) not allowed

	at org.jenkinsci.plugins.gitclient.CliGitAPIImpl.launchCommandIn(CliGitAPIImpl.java:2174)
	at org.jenkinsci.plugins.gitclient.CliGitAPIImpl.launchCommandIn(CliGitAPIImpl.java:2142)
	at org.jenkinsci.plugins.gitclient.CliGitAPIImpl.launchCommandIn(CliGitAPIImpl.java:2138)
	at org.jenkinsci.plugins.gitclient.CliGitAPIImpl.launchCommand(CliGitAPIImpl.java:1743)
	at org.jenkinsci.plugins.gitclient.CliGitAPIImpl.launchCommand(CliGitAPIImpl.java:1755)
	at org.jenkinsci.plugins.gitclient.CliGitAPIImpl.tag(CliGitAPIImpl.java:1634)
Caused: hudson.plugins.git.GitException: Could not apply tag jenkins-Hooks_Testing-3
	at org.jenkinsci.plugins.gitclient.CliGitAPIImpl.tag(CliGitAPIImpl.java:1636)
	at hudson.plugins.git.GitAPI.tag(GitAPI.java:274)
	at hudson.plugins.git.extensions.impl.PerBuildTag.onCheckoutCompleted(PerBuildTag.java:30)
	at hudson.plugins.git.GitSCM.checkout(GitSCM.java:1270)
	at hudson.scm.SCM.checkout(SCM.java:504)
	at hudson.model.AbstractProject.checkout(AbstractProject.java:1206)
	at hudson.model.AbstractBuild$AbstractBuildExecution.defaultCheckout(AbstractBuild.java:574)
	at jenkins.scm.SCMCheckoutStrategy.checkout(SCMCheckoutStrategy.java:86)
	at hudson.model.AbstractBuild$AbstractBuildExecution.run(AbstractBuild.java:499)
	at hudson.model.Run.execute(Run.java:1838)
	at hudson.model.FreeStyleBuild.run(FreeStyleBuild.java:43)
	at hudson.model.ResourceController.execute(ResourceController.java:97)
	at hudson.model.Executor.run(Executor.java:429)
Sending e-mails to: me@example.com
Finished: FAILURE
